\BOOKMARK [0][-]{section*.1}{Sum\341rio}{}
\BOOKMARK [0][-]{chapter*.2}{Introdu\347\343o}{}
\BOOKMARK [0][-]{chapter.1}{Regras Oficiais}{}
\BOOKMARK [1][-]{section*.3}{Regras em Verbatim}{chapter.1}
\BOOKMARK [1][-]{section*.4}{Ambiguidade das Regras Oficiais}{chapter.1}
\BOOKMARK [1][-]{section*.15}{Os Pr\363ximos Exemplos}{chapter.1}
\BOOKMARK [0][-]{chapter.2}{Estrat\351gias do Jogo Oficial}{}
\BOOKMARK [1][-]{section*.16}{Estrat\351gia Geral}{chapter.2}
\BOOKMARK [1][-]{section*.19}{O Jogo dos Outros}{chapter.2}
\BOOKMARK [1][-]{section*.27}{O Est\355mulo Passional}{chapter.2}
\BOOKMARK [1][-]{section*.28}{Estrat\351gias Espec\355ficas}{chapter.2}
\BOOKMARK [1][-]{section*.35}{Jogo em Dupla}{chapter.2}
\BOOKMARK [1][-]{section*.38}{Estrat\351gias Espec\355ficas do Jogo em Dupla}{chapter.2}
\BOOKMARK [1][-]{section*.40}{Jogo em Parceiros}{chapter.2}
\BOOKMARK [1][-]{section*.43}{Sinais}{chapter.2}
\BOOKMARK [1][-]{section*.44}{Estrat\351gias Espec\355ficas de Jogo de Parceiros}{chapter.2}
\BOOKMARK [1][-]{section*.53}{Jogo de V\341rias Parcerias}{chapter.2}
\BOOKMARK [0][-]{chapter.3}{Regras Alternativas: A Customiza\347\343o do UNO}{}
\BOOKMARK [1][-]{section*.54}{Regras que Modificam o Objetivo do Jogo}{chapter.3}
\BOOKMARK [1][-]{section*.68}{Regras que Modificam a Din\342mica de Jogo}{chapter.3}
\BOOKMARK [1][-]{section*.157}{Regras que Modificam ou Inserem Fun\347\365es em Cartas}{chapter.3}
\BOOKMARK [1][-]{section*.208}{Regras que Modificam o Fim da Partida}{chapter.3}
\BOOKMARK [1][-]{section*.212}{Regras que Modificam ou Inserem Penalidades}{chapter.3}
\BOOKMARK [1][-]{section*.226}{Estrat\351gias Espec\355ficas}{chapter.3}
\BOOKMARK [1][-]{section*.232}{Varia\347\365es Prontas}{chapter.3}
\BOOKMARK [0][-]{chapter.4}{Ap\352ndices}{}
\BOOKMARK [1][-]{section*.238}{Resumo das Estrat\351gias do Jogo Oficial 1121}{chapter.4}
\BOOKMARK [1][-]{section*.239}{Arranjo das Cartas na M\343o}{chapter.4}
\BOOKMARK [1][-]{section*.240}{Resumo das Regras Alternativas}{chapter.4}
\BOOKMARK [1][-]{section*.241}{Regras Oficiais Comumente Ignoradas}{chapter.4}
\BOOKMARK [1][-]{section*.242}{Ensinando UNO de forma r\341pida}{chapter.4}
\BOOKMARK [1][-]{section*.243}{Paci\352ncia UNO}{chapter.4}
